SF:lib\common\excepDb.dart
DA:5,4
LF:1
LH:1
end_of_record
SF:lib\data\datasources\movie_local_ds.dart
DA:14,1
DA:16,1
DA:18,2
DA:21,2
DA:25,1
DA:27,2
DA:30,2
DA:35,1
DA:36,2
DA:38,1
DA:45,1
DA:46,2
DA:47,4
LF:13
LH:13
end_of_record
SF:lib\data\models\table_movie.dart
DA:11,2
DA:17,2
DA:18,1
DA:19,1
DA:20,1
DA:21,1
DA:23,2
DA:24,1
DA:25,1
DA:26,1
DA:27,1
DA:29,0
DA:30,0
DA:31,0
DA:32,0
DA:33,0
DA:35,2
DA:36,1
DA:37,1
DA:38,1
DA:39,1
DA:41,12
LF:22
LH:17
end_of_record
SF:lib\domain\entities\genre_entities.dart
DA:4,14
DA:11,8
LF:2
LH:2
end_of_record
SF:lib\domain\entities\movie_entities.dart
DA:4,16
DA:20,2
DA:41,16
DA:42,8
DA:43,8
DA:44,8
DA:45,8
DA:46,8
DA:47,8
DA:48,8
DA:49,8
DA:50,8
DA:51,8
DA:52,8
DA:53,8
DA:54,8
LF:16
LH:16
end_of_record
SF:lib\domain\entities\movie_detail.dart
DA:5,29
DA:33,4
DA:34,2
DA:35,2
DA:36,2
DA:37,2
DA:38,2
DA:39,2
DA:40,2
DA:41,2
DA:42,2
DA:43,2
DA:44,2
LF:13
LH:13
end_of_record
SF:lib\data\models\table_tv.dart
DA:11,2
DA:17,2
DA:18,1
DA:19,1
DA:20,1
DA:21,1
DA:24,2
DA:25,1
DA:26,1
DA:27,1
DA:28,1
DA:31,0
DA:32,0
DA:33,0
DA:34,0
DA:35,0
DA:38,2
DA:39,1
DA:40,1
DA:41,1
DA:42,1
DA:44,12
LF:22
LH:17
end_of_record
SF:lib\domain\entities\tv_entities.dart
DA:4,16
DA:18,2
DA:36,16
DA:37,8
DA:38,8
DA:39,8
DA:40,8
DA:41,8
DA:42,8
DA:43,8
DA:44,8
DA:45,8
DA:46,8
DA:47,8
DA:48,8
LF:15
LH:15
end_of_record
SF:lib\domain\entities\tv_detail.dart
DA:5,15
DA:31,4
DA:32,2
DA:33,2
DA:34,2
DA:35,2
DA:36,2
DA:37,2
DA:38,2
DA:39,2
DA:40,2
DA:41,2
DA:42,2
DA:43,2
LF:14
LH:14
end_of_record
SF:lib\common\failure_equatable.dart
DA:5,28
DA:6,6
DA:9,52
DA:12,4
DA:15,16
DA:18,4
LF:6
LH:6
end_of_record
SF:lib\data\datasources\db\db_helper.dart
DA:8,0
DA:11,0
DA:14,0
DA:16,0
DA:21,0
DA:22,0
DA:23,0
DA:25,0
DA:29,0
DA:30,0
DA:38,0
DA:48,0
DA:49,0
DA:50,0
DA:53,0
DA:54,0
DA:55,0
DA:58,0
DA:62,0
DA:63,0
DA:64,0
DA:67,0
DA:69,0
DA:72,0
DA:73,0
DA:74,0
DA:78,0
DA:79,0
DA:80,0
DA:82,0
DA:83,0
DA:84,0
DA:88,0
DA:89,0
DA:90,0
DA:93,0
DA:95,0
DA:98,0
DA:99,0
DA:100,0
DA:103,0
DA:108,0
DA:109,0
DA:110,0
LF:44
LH:0
end_of_record
SF:lib\data\datasources\movie_remote_ds.dart
DA:23,1
DA:25,1
DA:27,4
DA:28,1
DA:31,1
DA:33,4
DA:34,1
DA:37,1
DA:38,1
DA:39,3
DA:40,1
DA:43,1
DA:45,4
DA:46,1
DA:49,1
DA:51,4
DA:52,1
DA:55,1
DA:56,1
DA:57,3
DA:58,1
DA:61,1
DA:62,2
DA:63,4
DA:65,1
DA:68,1
DA:69,2
DA:70,3
DA:72,1
LF:29
LH:29
end_of_record
SF:lib\data\models\model_movie.dart
DA:5,4
DA:35,4
DA:36,2
DA:37,2
DA:38,8
DA:39,2
DA:40,2
DA:41,2
DA:42,4
DA:43,2
DA:44,2
DA:45,2
DA:46,2
DA:47,4
DA:48,2
DA:51,2
DA:52,1
DA:53,1
DA:54,4
DA:55,1
DA:56,1
DA:57,1
DA:58,1
DA:59,1
DA:60,1
DA:61,1
DA:62,1
DA:63,1
DA:64,1
DA:67,2
DA:68,2
DA:69,2
DA:70,2
DA:71,2
DA:72,2
DA:73,2
DA:74,2
DA:75,2
DA:76,2
DA:77,2
DA:78,2
DA:79,2
DA:80,2
DA:81,2
DA:85,2
DA:86,2
DA:87,2
DA:88,2
DA:89,2
DA:90,2
DA:91,2
DA:92,2
DA:93,2
DA:94,2
DA:95,2
DA:96,2
DA:97,2
DA:98,2
DA:99,2
LF:59
LH:59
end_of_record
SF:lib\data\models\model_movie_detail.dart
DA:6,2
DA:52,1
DA:53,1
DA:54,1
DA:55,1
DA:56,1
DA:57,1
DA:58,4
DA:59,1
DA:60,1
DA:61,1
DA:62,1
DA:63,1
DA:64,1
DA:65,2
DA:66,1
DA:67,1
DA:68,1
DA:69,1
DA:70,1
DA:71,1
DA:72,1
DA:73,1
DA:74,2
DA:75,1
DA:78,0
DA:79,0
DA:80,0
DA:81,0
DA:82,0
DA:83,0
DA:84,0
DA:85,0
DA:86,0
DA:87,0
DA:88,0
DA:89,0
DA:90,0
DA:91,0
DA:92,0
DA:93,0
DA:94,0
DA:95,0
DA:96,0
DA:97,0
DA:98,0
DA:99,0
DA:102,1
DA:103,1
DA:104,1
DA:105,1
DA:106,5
DA:107,1
DA:108,1
DA:109,1
DA:110,1
DA:111,1
DA:112,1
DA:113,1
DA:114,1
DA:115,1
DA:119,1
DA:121,1
DA:122,1
DA:123,1
DA:124,1
DA:125,1
DA:126,1
DA:127,1
DA:128,1
DA:129,1
DA:130,1
DA:131,1
DA:132,1
DA:133,1
DA:134,1
DA:135,1
DA:136,1
DA:137,1
DA:138,1
DA:139,1
DA:140,1
DA:141,1
DA:142,1
LF:84
LH:62
end_of_record
SF:lib\common\constants.dart
DA:33,8
DA:34,4
DA:35,12
DA:37,6
DA:39,6
DA:43,6
DA:44,2
DA:45,2
DA:46,2
DA:47,2
LF:10
LH:10
end_of_record
SF:lib\data\models\response_movie.dart
DA:7,2
DA:9,4
DA:10,4
DA:11,6
DA:12,6
DA:15,2
DA:16,5
DA:19,3
LF:8
LH:8
end_of_record
SF:lib\data\models\model_genre.dart
DA:5,4
DA:13,4
DA:14,2
DA:15,2
DA:18,0
DA:19,0
DA:20,0
DA:23,2
DA:24,6
DA:27,8
LF:10
LH:7
end_of_record
SF:lib\data\datasources\tv_local_ds.dart
DA:15,1
DA:16,1
DA:18,2
DA:21,2
DA:25,1
DA:26,2
DA:28,1
DA:35,1
DA:37,2
DA:40,2
DA:44,1
DA:45,2
DA:46,4
LF:13
LH:13
end_of_record
SF:lib\data\datasources\tv_remote_ds.dart
DA:23,1
DA:25,1
DA:28,4
DA:29,1
DA:32,1
DA:33,1
DA:34,3
DA:35,1
DA:38,1
DA:39,1
DA:40,3
DA:41,1
DA:44,1
DA:46,4
DA:47,1
DA:50,1
DA:52,4
DA:53,1
DA:56,1
DA:58,4
DA:59,1
DA:62,1
DA:63,2
DA:64,4
DA:66,1
DA:69,1
DA:70,2
DA:71,3
DA:73,1
LF:29
LH:29
end_of_record
SF:lib\data\models\model_tv_show.dart
DA:6,4
DA:34,4
DA:35,2
DA:36,8
DA:37,2
DA:38,2
DA:39,4
DA:40,4
DA:41,2
DA:42,2
DA:43,2
DA:44,2
DA:45,2
DA:46,2
DA:49,2
DA:50,1
DA:51,4
DA:52,1
DA:53,1
DA:54,1
DA:55,1
DA:56,1
DA:57,1
DA:58,1
DA:59,1
DA:60,1
DA:61,1
DA:64,2
DA:65,2
DA:66,2
DA:67,2
DA:68,2
DA:69,2
DA:70,2
DA:71,2
DA:72,2
DA:73,2
DA:74,2
DA:75,2
DA:76,2
DA:77,2
DA:81,2
DA:82,2
DA:83,2
DA:84,2
DA:85,2
DA:86,2
DA:87,2
DA:88,2
DA:89,2
DA:90,2
DA:91,2
DA:92,2
DA:93,2
DA:94,2
LF:55
LH:55
end_of_record
SF:lib\data\models\model_tv_show_detail.dart
DA:8,2
DA:37,1
DA:38,1
DA:39,1
DA:40,1
DA:41,4
DA:42,1
DA:43,1
DA:44,2
DA:45,2
DA:46,1
DA:47,1
DA:48,1
DA:49,1
DA:50,1
DA:51,1
DA:54,0
DA:55,0
DA:56,0
DA:57,0
DA:58,0
DA:59,0
DA:60,0
DA:61,0
DA:62,0
DA:63,0
DA:64,0
DA:65,0
DA:66,0
DA:69,1
DA:70,1
DA:71,1
DA:72,5
DA:73,1
DA:74,1
DA:75,1
DA:76,1
DA:77,1
DA:78,1
DA:79,1
DA:80,1
DA:81,1
DA:82,1
DA:86,2
DA:87,1
DA:88,1
DA:89,1
DA:90,1
DA:91,1
DA:92,1
DA:93,1
DA:94,1
DA:95,1
DA:96,1
DA:97,1
DA:98,1
LF:56
LH:43
end_of_record
SF:lib\data\models\response_tv_show.dart
DA:7,2
DA:9,4
DA:10,4
DA:11,6
DA:12,6
DA:15,2
DA:16,5
DA:19,1
DA:20,2
LF:9
LH:9
end_of_record
SF:lib\data\repositories\movie_repo_impl.dart
DA:18,1
DA:23,1
DA:25,2
DA:26,5
DA:27,1
DA:28,2
DA:29,1
DA:30,2
DA:31,1
DA:32,4
DA:34,0
DA:38,1
DA:40,2
DA:41,2
DA:42,1
DA:43,2
DA:44,1
DA:45,2
DA:46,1
DA:47,4
DA:49,0
DA:53,1
DA:55,2
DA:56,3
DA:57,1
DA:58,2
DA:59,1
DA:60,2
DA:61,1
DA:62,4
DA:64,0
DA:68,1
DA:70,2
DA:71,5
DA:72,1
DA:73,2
DA:74,1
DA:75,2
DA:76,1
DA:77,4
DA:79,0
DA:83,1
DA:85,2
DA:86,5
DA:87,1
DA:88,2
DA:89,1
DA:90,2
DA:91,1
DA:92,4
DA:94,0
DA:98,1
DA:100,2
DA:101,5
DA:102,1
DA:103,2
DA:104,1
DA:105,2
DA:106,1
DA:107,4
DA:109,0
DA:113,1
DA:116,3
DA:117,1
DA:118,1
DA:119,3
DA:125,1
DA:128,3
DA:129,1
DA:130,1
DA:131,3
DA:135,1
DA:136,2
DA:140,1
DA:141,2
DA:142,5
LF:76
LH:70
end_of_record
SF:lib\domain\usecases\get_all_movie_detail.dart
DA:8,1
DA:9,1
DA:10,2
LF:3
LH:3
end_of_record
SF:lib\data\repositories\tvshow_repo_impl.dart
DA:18,1
DA:23,1
DA:25,2
DA:27,5
DA:28,1
DA:29,2
DA:30,1
DA:31,2
DA:32,1
DA:33,4
DA:35,0
DA:39,1
DA:41,2
DA:43,2
DA:44,1
DA:45,2
DA:46,1
DA:47,2
DA:48,1
DA:49,4
DA:51,0
DA:55,1
DA:57,2
DA:59,3
DA:60,1
DA:61,2
DA:62,1
DA:63,2
DA:64,1
DA:65,4
DA:67,0
DA:71,1
DA:73,2
DA:75,5
DA:76,1
DA:77,2
DA:78,1
DA:79,2
DA:80,1
DA:81,4
DA:83,0
DA:87,1
DA:89,2
DA:91,5
DA:92,1
DA:93,2
DA:94,1
DA:95,2
DA:96,1
DA:97,4
DA:99,0
DA:103,1
DA:105,2
DA:107,5
DA:108,1
DA:109,2
DA:110,1
DA:111,2
DA:112,1
DA:113,4
DA:115,0
DA:119,1
DA:120,2
DA:122,3
DA:125,1
DA:126,1
DA:127,3
DA:129,0
DA:133,1
DA:135,3
DA:138,1
DA:139,1
DA:140,3
DA:144,1
DA:145,2
DA:150,1
DA:151,2
DA:153,5
LF:78
LH:71
end_of_record
SF:lib\domain\usecases\get_all_movie_recommendations.dart
DA:8,1
DA:9,1
DA:10,2
LF:3
LH:3
end_of_record
SF:lib\domain\usecases\get_all_now_playing_movies.dart
DA:8,1
DA:9,1
DA:10,2
LF:3
LH:3
end_of_record
SF:lib\domain\usecases\get_all_popular_movies.dart
DA:8,1
DA:9,1
DA:10,2
LF:3
LH:3
end_of_record
SF:lib\domain\usecases\get_all_top_rated_movies.dart
DA:8,1
DA:9,1
DA:10,2
LF:3
LH:3
end_of_record
SF:lib\domain\usecases\get_all_watchlist_movies.dart
DA:8,1
DA:9,1
DA:10,2
LF:3
LH:3
end_of_record
SF:lib\domain\usecases\get_all_watchlist_status.dart
DA:5,1
DA:7,1
DA:8,2
LF:3
LH:3
end_of_record
SF:lib\domain\usecases\remove_all_watchlist.dart
DA:8,1
DA:10,1
DA:11,2
LF:3
LH:3
end_of_record
SF:lib\domain\usecases\save_all_watchlist.dart
DA:8,1
DA:9,1
DA:10,2
LF:3
LH:3
end_of_record
SF:lib\domain\usecases\search_all_movies.dart
DA:9,1
DA:10,1
DA:11,2
LF:3
LH:3
end_of_record
SF:lib\domain\usecases\tv\get_all_tv_show_detail.dart
DA:8,1
DA:10,1
DA:11,2
LF:3
LH:3
end_of_record
SF:lib\domain\usecases\tv\get_all_now_playing_tv_show.dart
DA:8,1
DA:9,1
DA:10,2
LF:3
LH:3
end_of_record
SF:lib\domain\usecases\tv\get_all_popular_tv_show.dart
DA:8,1
DA:10,1
DA:11,2
LF:3
LH:3
end_of_record
SF:lib\domain\usecases\tv\get_all_tv_show_recommendations.dart
DA:8,1
DA:10,1
DA:11,2
LF:3
LH:3
end_of_record
SF:lib\domain\usecases\tv\get_all_top_rated_tv_show.dart
DA:8,1
DA:10,1
DA:11,2
LF:3
LH:3
end_of_record
SF:lib\domain\usecases\tv\get_all_watchlist_tv_show.dart
DA:8,1
DA:10,1
DA:11,2
LF:3
LH:3
end_of_record
SF:lib\domain\usecases\tv\get_all_watchlist_tv_show_status.dart
DA:5,1
DA:7,1
DA:8,2
LF:3
LH:3
end_of_record
SF:lib\domain\usecases\tv\remove_all_watchlist_tv_show.dart
DA:8,1
DA:10,1
DA:11,2
LF:3
LH:3
end_of_record
SF:lib\domain\usecases\tv\save_all_watchlist_tv_show.dart
DA:8,1
DA:10,1
DA:11,2
LF:3
LH:3
end_of_record
SF:lib\domain\usecases\tv\search_all_tv_show.dart
DA:8,1
DA:10,1
DA:11,2
LF:3
LH:3
end_of_record
SF:lib\presentation\cubit\all_the_movies_details_cubit.dart
DA:13,1
DA:18,1
DA:28,1
DA:29,3
DA:30,2
DA:31,1
DA:32,1
DA:33,1
DA:34,1
DA:36,1
DA:40,1
DA:41,1
DA:42,1
DA:51,1
DA:52,2
DA:53,1
DA:56,1
DA:57,1
DA:58,2
DA:59,1
DA:63,1
DA:64,1
DA:65,2
DA:71,2
DA:74,1
DA:75,2
DA:76,1
DA:79,1
DA:80,1
DA:81,2
DA:82,1
DA:86,1
DA:87,1
DA:88,2
DA:94,2
DA:97,1
DA:98,2
DA:99,3
LF:38
LH:38
end_of_record
SF:lib\presentation\cubit\all_the_movies_details_state.dart
DA:10,25
DA:18,0
DA:19,2
DA:20,1
DA:21,1
DA:22,0
DA:23,0
DA:25,1
DA:27,1
DA:28,1
DA:29,1
DA:30,1
DA:31,1
DA:32,1
DA:36,0
DA:39,1
DA:46,1
DA:47,1
DA:48,1
DA:49,1
DA:50,1
DA:51,1
LF:22
LH:18
end_of_record
SF:lib\presentation\cubit\all_the_movies_now_playing_state.dart
DA:4,10
DA:5,1
DA:6,1
DA:10,6
DA:14,8
DA:18,3
DA:24,1
DA:25,2
DA:27,0
DA:30,0
DA:33,0
DA:34,0
DA:40,2
DA:46,1
DA:47,2
DA:49,0
DA:52,0
DA:55,0
DA:56,0
LF:19
LH:11
end_of_record
SF:lib\presentation\cubit\all_the_movies_now_playing_cubit.dart
DA:9,1
DA:11,1
DA:14,1
DA:15,1
DA:17,2
DA:18,1
DA:19,4
DA:20,3
LF:8
LH:8
end_of_record
SF:lib\presentation\cubit\all_the_movies_popular_state.dart
DA:4,6
DA:6,1
DA:7,1
DA:11,3
DA:15,5
DA:19,3
DA:25,1
DA:26,2
DA:28,0
DA:31,0
DA:34,0
DA:35,0
DA:41,2
DA:47,1
DA:48,2
DA:50,0
DA:53,0
DA:56,0
DA:57,0
LF:19
LH:11
end_of_record
SF:lib\presentation\cubit\all_the_movies_popular_cubit.dart
DA:9,1
DA:11,1
DA:14,1
DA:15,1
DA:17,2
DA:19,1
DA:20,4
DA:21,3
LF:8
LH:8
end_of_record
SF:lib\presentation\cubit\all_the_movies_recommendations_state.dart
DA:4,19
DA:6,1
DA:7,1
DA:11,15
DA:15,16
DA:19,2
DA:25,1
DA:26,2
DA:28,0
DA:31,0
DA:34,0
DA:35,0
DA:41,3
DA:47,1
DA:48,2
DA:50,0
DA:53,0
DA:56,0
DA:57,0
LF:19
LH:11
end_of_record
SF:lib\presentation\cubit\all_the_movies_recommendations_cubit.dart
DA:10,1
DA:12,1
DA:15,1
DA:16,1
DA:17,2
DA:18,1
DA:19,4
DA:20,3
LF:8
LH:8
end_of_record
SF:lib\presentation\cubit\all_the_movies_top_rated_state.dart
DA:4,6
DA:6,1
DA:7,1
DA:11,3
DA:15,5
DA:19,3
DA:25,1
DA:26,2
DA:28,0
DA:31,0
DA:34,0
DA:35,0
DA:41,2
DA:47,1
DA:48,2
DA:50,0
DA:53,0
DA:56,0
DA:57,0
LF:19
LH:11
end_of_record
SF:lib\presentation\cubit\all_the_movies_top_rated_cubit.dart
DA:10,1
DA:12,1
DA:15,1
DA:16,1
DA:18,2
DA:19,1
DA:20,4
DA:21,3
LF:8
LH:8
end_of_record
SF:lib\presentation\cubit\all_the_movies_watchlist_state.dart
DA:4,3
DA:6,1
DA:7,1
DA:11,1
DA:15,2
DA:19,2
DA:25,1
DA:26,2
DA:28,0
DA:31,0
DA:34,0
DA:35,0
DA:41,1
DA:47,1
DA:48,2
DA:50,0
DA:53,0
DA:56,0
DA:57,0
LF:19
LH:11
end_of_record
SF:lib\presentation\cubit\all_the_movies_watchlist_cubit.dart
DA:9,1
DA:11,1
DA:15,1
DA:16,1
DA:17,2
DA:18,1
DA:19,4
DA:20,3
LF:8
LH:8
end_of_record
SF:lib\presentation\cubit\tv\detail_tv_show_state.dart
DA:10,11
DA:18,0
DA:19,2
DA:20,1
DA:21,1
DA:22,0
DA:23,0
DA:25,1
DA:27,1
DA:28,1
DA:29,1
DA:30,1
DA:31,1
DA:32,1
DA:36,0
DA:39,1
DA:46,1
DA:47,1
DA:48,1
DA:49,1
DA:50,1
DA:51,1
LF:22
LH:18
end_of_record
SF:lib\presentation\cubit\tv\detail_tv_show_cubit.dart
DA:13,1
DA:18,1
DA:28,1
DA:29,3
DA:30,2
DA:31,1
DA:32,1
DA:33,1
DA:34,1
DA:35,1
DA:40,1
DA:41,1
DA:42,1
DA:51,1
DA:52,2
DA:53,1
DA:54,1
DA:55,1
DA:56,2
DA:57,1
DA:61,1
DA:62,1
DA:63,2
DA:69,2
DA:72,1
DA:73,2
DA:74,1
DA:75,1
DA:76,1
DA:77,2
DA:78,1
DA:82,1
DA:83,1
DA:84,2
DA:90,2
DA:93,1
DA:94,2
DA:95,3
LF:38
LH:38
end_of_record
SF:lib\presentation\cubit\tv\now_playing_tv_show_state.dart
DA:4,10
DA:5,1
DA:6,1
DA:9,6
DA:13,8
DA:17,3
DA:23,1
DA:24,2
DA:26,0
DA:29,0
DA:32,0
DA:33,0
DA:38,2
DA:43,1
DA:44,2
DA:46,0
DA:49,0
DA:52,0
DA:53,0
LF:19
LH:11
end_of_record
SF:lib\presentation\cubit\tv\now_playing_tv_show_cubit.dart
DA:7,1
DA:9,1
DA:12,1
DA:13,1
DA:15,2
DA:16,1
DA:17,4
DA:18,3
LF:8
LH:8
end_of_record
SF:lib\presentation\cubit\tv\popular_tv_show_state.dart
DA:4,6
DA:6,1
DA:7,1
DA:11,3
DA:15,5
DA:19,3
DA:25,1
DA:26,2
DA:28,0
DA:31,0
DA:34,0
DA:35,0
DA:41,2
DA:47,1
DA:48,2
DA:50,0
DA:53,0
DA:56,0
DA:57,0
LF:19
LH:11
end_of_record
SF:lib\presentation\cubit\tv\popular_tv_show_cubit.dart
DA:8,1
DA:10,1
DA:13,1
DA:14,1
DA:15,2
DA:17,1
DA:18,4
DA:19,3
LF:8
LH:8
end_of_record
SF:lib\presentation\cubit\search_all_the_movies_state.dart
DA:4,2
DA:6,1
DA:7,1
DA:17,1
DA:19,1
DA:20,2
DA:26,2
DA:28,1
DA:29,2
LF:9
LH:9
end_of_record
SF:lib\presentation\cubit\search_all_the_movies_bloc.dart
DA:13,3
DA:14,1
DA:15,1
DA:16,2
DA:17,3
DA:18,1
DA:19,4
DA:20,3
DA:23,1
LF:9
LH:9
end_of_record
SF:lib\presentation\cubit\search_all_the_movies_event.dart
DA:4,1
DA:6,0
DA:7,0
DA:12,1
DA:14,1
DA:15,2
LF:6
LH:4
end_of_record
SF:lib\common\utils.dart
DA:7,6
DA:9,0
DA:11,0
DA:12,0
DA:15,0
DA:19,0
DA:22,0
DA:23,0
DA:25,0
DA:26,0
DA:27,0
DA:28,0
DA:31,0
DA:32,0
DA:33,0
DA:35,0
DA:39,2
DA:40,6
LF:18
LH:3
end_of_record
SF:lib\presentation\cubit\tv\recommendations_tv_show_state.dart
DA:4,12
DA:5,1
DA:6,1
DA:9,8
DA:13,9
DA:17,2
DA:23,1
DA:24,2
DA:26,0
DA:29,0
DA:32,0
DA:33,0
DA:39,3
DA:45,1
DA:46,2
DA:48,0
DA:51,0
DA:54,0
DA:55,0
LF:19
LH:11
end_of_record
SF:lib\presentation\cubit\tv\recommendations_tv_show_cubit.dart
DA:10,1
DA:12,1
DA:15,1
DA:16,1
DA:17,2
DA:18,1
DA:19,4
DA:20,3
LF:8
LH:8
end_of_record
SF:lib\presentation\cubit\tv\top_rated_tv_show_state.dart
DA:4,6
DA:6,1
DA:7,1
DA:11,3
DA:15,5
DA:19,3
DA:25,1
DA:26,2
DA:28,0
DA:31,0
DA:34,0
DA:35,0
DA:41,2
DA:47,1
DA:48,2
DA:50,0
DA:53,0
DA:56,0
DA:57,0
LF:19
LH:11
end_of_record
SF:lib\presentation\cubit\tv\top_rated_tv_show_cubit.dart
DA:9,1
DA:11,1
DA:14,1
DA:15,1
DA:17,2
DA:18,1
DA:19,4
DA:20,3
LF:8
LH:8
end_of_record
SF:lib\presentation\cubit\tv\watchlist_tv_show_state.dart
DA:3,3
DA:5,1
DA:6,1
DA:10,1
DA:14,2
DA:18,2
DA:24,1
DA:25,2
DA:27,0
DA:30,0
DA:33,0
DA:34,0
DA:40,1
DA:46,1
DA:47,2
DA:49,0
DA:52,0
DA:55,0
DA:56,0
LF:19
LH:11
end_of_record
SF:lib\presentation\cubit\tv\watchlist_tv_show_cubit.dart
DA:9,1
DA:11,1
DA:15,1
DA:16,1
DA:17,2
DA:18,1
DA:19,4
DA:20,3
LF:8
LH:8
end_of_record
SF:lib\presentation\cubit\tv\search_tv_show_bloc.dart
DA:12,3
DA:13,1
DA:14,1
DA:15,2
DA:16,3
DA:17,1
DA:18,4
DA:19,3
DA:22,1
LF:9
LH:9
end_of_record
SF:lib\presentation\cubit\tv\search_tv_show_event.dart
DA:4,1
DA:5,0
DA:6,0
DA:11,1
DA:12,1
DA:13,2
LF:6
LH:4
end_of_record
SF:lib\presentation\cubit\tv\search_tv_show_state.dart
DA:4,2
DA:5,1
DA:6,1
DA:16,1
DA:18,1
DA:19,2
DA:25,2
DA:27,1
DA:28,2
LF:9
LH:9
end_of_record
SF:lib\presentation\pages\nowplaying_all_movies_page.dart
DA:13,1
DA:14,1
DA:18,1
DA:20,1
DA:21,1
DA:24,3
DA:25,1
DA:29,1
DA:31,1
DA:32,1
DA:33,1
DA:35,1
DA:44,1
DA:45,1
DA:46,1
DA:48,1
DA:49,1
DA:50,1
DA:51,2
DA:52,1
DA:54,2
DA:56,1
DA:57,1
DA:59,2
DA:62,0
LF:25
LH:24
end_of_record
SF:lib\presentation\provider\nowplaying_movie_notifier.dart
DA:9,0
DA:12,0
DA:15,0
DA:18,0
DA:20,0
DA:21,0
DA:22,0
DA:24,0
DA:26,0
DA:27,0
DA:28,0
DA:30,0
DA:31,0
DA:36,0
DA:37,0
DA:38,0
DA:39,0
DA:42,0
DA:43,0
DA:44,0
DA:45,0
LF:21
LH:0
end_of_record
SF:lib\presentation\widgets\movie_card_list.dart
DA:11,2
DA:13,1
DA:15,1
DA:17,1
DA:18,0
DA:19,0
DA:22,0
DA:25,1
DA:27,1
DA:28,1
DA:29,1
DA:35,1
DA:37,1
DA:38,1
DA:39,2
DA:42,1
DA:44,1
DA:45,1
DA:46,2
DA:54,1
DA:59,1
DA:60,1
DA:61,3
DA:63,2
DA:64,1
DA:66,0
DA:68,2
LF:27
LH:23
end_of_record
SF:lib\presentation\pages\all_movie_detail_page.dart
DA:22,1
DA:24,1
DA:25,1
DA:29,1
DA:31,1
DA:32,2
DA:33,5
DA:37,1
DA:39,1
DA:40,1
DA:41,1
DA:42,1
DA:44,1
DA:46,1
DA:47,1
DA:53,2
DA:55,0
DA:56,0
DA:71,2
DA:73,1
DA:74,1
DA:78,1
DA:80,1
DA:81,2
DA:82,6
DA:83,2
DA:84,4
DA:88,1
DA:90,3
DA:91,1
DA:92,1
DA:93,1
DA:94,4
DA:96,1
DA:97,0
DA:99,1
DA:101,1
DA:102,1
DA:103,1
DA:113,1
DA:114,1
DA:115,1
DA:117,1
DA:119,1
DA:121,1
DA:122,1
DA:123,3
DA:124,1
DA:171,1
DA:172,1
DA:173,1
DA:174,1
DA:175,1
DA:177,1
DA:178,3
DA:181,0
DA:182,0
DA:186,3
DA:188,1
DA:189,1
DA:190,2
DA:191,1
DA:192,1
DA:193,1
DA:194,1
DA:199,1
DA:201,1
DA:202,1
DA:203,1
DA:209,1
DA:211,1
DA:212,1
DA:221,1
DA:222,4
DA:224,1
DA:225,4
DA:227,1
DA:228,1
DA:229,1
DA:230,4
DA:232,1
DA:238,5
DA:242,1
DA:244,1
DA:246,1
DA:247,3
DA:250,1
DA:252,1
DA:267,1
DA:268,1
DA:269,1
DA:271,1
DA:272,0
DA:273,1
DA:274,1
DA:276,1
DA:278,1
DA:279,2
DA:280,1
DA:282,1
DA:283,0
DA:284,0
DA:287,0
DA:290,1
DA:294,1
DA:296,2
DA:297,1
DA:300,0
DA:307,2
DA:311,0
DA:319,1
DA:321,1
DA:336,1
DA:338,1
DA:341,1
DA:343,0
DA:344,0
DA:353,1
DA:355,2
DA:356,3
DA:358,1
DA:361,3
DA:364,1
DA:365,1
DA:366,1
DA:368,1
DA:369,1
DA:371,1
DA:375,0
DA:376,0
DA:377,0
DA:379,0
LF:132
LH:115
end_of_record
SF:lib\presentation\provider\all_movie_detail_notifier.dart
DA:22,1
DA:31,2
DA:34,2
DA:37,2
DA:40,2
DA:43,2
DA:46,2
DA:48,1
DA:49,1
DA:50,1
DA:51,2
DA:52,2
DA:53,1
DA:54,1
DA:55,1
DA:57,1
DA:58,1
DA:59,1
DA:60,1
DA:61,1
DA:63,1
DA:64,1
DA:67,1
DA:68,1
DA:74,2
DA:76,1
DA:77,2
DA:79,1
DA:80,1
DA:81,2
DA:83,1
DA:84,1
DA:88,2
DA:91,1
DA:92,2
DA:94,1
DA:95,0
DA:96,0
DA:98,1
DA:99,1
DA:103,2
DA:106,1
DA:107,2
DA:108,1
DA:109,1
DA:112,1
DA:113,1
DA:114,2
DA:115,1
DA:118,1
DA:119,1
DA:120,1
DA:121,1
DA:124,1
DA:125,1
DA:126,2
DA:128,1
DA:129,1
DA:130,1
LF:59
LH:57
end_of_record
SF:lib\presentation\pages\popular_all_movies_page.dart
DA:12,1
DA:14,1
DA:15,1
DA:19,1
DA:21,1
DA:22,2
DA:25,0
DA:26,0
DA:29,1
DA:31,1
DA:32,1
DA:35,1
DA:44,1
DA:45,1
DA:46,1
DA:48,1
DA:49,1
DA:50,0
DA:51,0
DA:52,0
DA:54,2
DA:56,1
DA:57,1
DA:59,2
DA:62,0
LF:25
LH:19
end_of_record
SF:lib\presentation\provider\all_popular_movies_notifier.dart
DA:9,1
DA:12,2
DA:15,2
DA:18,2
DA:20,1
DA:21,1
DA:22,1
DA:24,2
DA:26,1
DA:27,1
DA:28,1
DA:30,1
DA:31,1
DA:36,1
DA:37,2
DA:38,1
DA:39,1
DA:42,1
DA:43,1
DA:44,1
DA:45,1
LF:21
LH:21
end_of_record
SF:lib\presentation\pages\top_rated_all_movies_page.dart
DA:12,1
DA:14,1
DA:15,1
DA:19,1
DA:21,1
DA:22,1
DA:25,3
DA:26,1
DA:30,1
DA:32,1
DA:33,1
DA:36,1
DA:38,1
DA:39,1
DA:40,1
DA:42,1
DA:43,1
DA:44,0
DA:45,0
DA:46,0
DA:48,2
DA:50,1
DA:51,1
DA:53,2
DA:56,0
LF:25
LH:21
end_of_record
SF:lib\presentation\provider\top_rated_movies_notifier.dart
DA:9,1
DA:12,2
DA:15,2
DA:18,2
DA:20,1
DA:21,1
DA:22,1
DA:24,2
DA:26,1
DA:27,1
DA:28,1
DA:30,1
DA:31,1
DA:36,1
DA:37,2
DA:38,1
DA:39,1
DA:42,1
DA:43,1
DA:44,1
DA:45,1
LF:21
LH:21
end_of_record
SF:lib\presentation\pages\tv_show_page_nowplaying.dart
DA:13,1
DA:14,1
DA:18,1
DA:20,1
DA:21,1
DA:22,4
DA:26,1
DA:28,1
DA:29,1
DA:30,1
DA:32,1
DA:41,1
DA:42,1
DA:43,1
DA:45,1
DA:46,1
DA:47,1
DA:48,2
DA:49,1
DA:51,2
DA:53,1
DA:54,1
DA:56,2
LF:23
LH:23
end_of_record
SF:lib\presentation\provider\tv\tv_show_nowplay_notifier.dart
DA:9,0
DA:11,0
DA:14,0
DA:17,0
DA:19,0
DA:20,0
DA:21,0
DA:23,0
DA:25,0
DA:26,0
DA:27,0
DA:29,0
DA:30,0
DA:35,0
DA:36,0
DA:37,0
DA:38,0
DA:41,0
DA:42,0
DA:43,0
DA:44,0
LF:21
LH:0
end_of_record
SF:lib\presentation\widgets\tv_card_list.dart
DA:10,2
DA:13,1
DA:15,1
DA:17,1
DA:18,0
DA:19,0
DA:22,0
DA:25,1
DA:27,1
DA:28,1
DA:29,1
DA:35,1
DA:37,1
DA:38,1
DA:39,2
DA:42,1
DA:44,1
DA:45,1
DA:46,2
DA:54,1
DA:59,1
DA:60,1
DA:61,3
DA:63,2
DA:64,1
DA:66,0
DA:68,2
LF:27
LH:23
end_of_record
SF:lib\presentation\pages\tv_show_detail_page.dart
DA:24,1
DA:25,1
DA:26,1
DA:30,1
DA:32,1
DA:33,2
DA:38,5
DA:41,1
DA:43,1
DA:52,1
DA:53,1
DA:54,1
DA:56,1
DA:57,0
DA:58,1
DA:59,1
DA:65,2
DA:67,0
DA:68,0
DA:70,0
DA:83,2
DA:85,1
DA:86,1
DA:90,1
DA:92,1
DA:93,2
DA:94,2
DA:95,4
DA:96,6
DA:100,1
DA:102,3
DA:103,1
DA:104,1
DA:105,1
DA:107,4
DA:114,1
DA:115,0
DA:117,1
DA:119,1
DA:120,1
DA:121,1
DA:131,1
DA:132,1
DA:133,1
DA:135,1
DA:137,1
DA:139,1
DA:140,1
DA:141,3
DA:142,1
DA:181,1
DA:182,1
DA:183,1
DA:184,1
DA:185,1
DA:187,1
DA:188,3
DA:191,0
DA:192,0
DA:196,3
DA:198,1
DA:199,1
DA:200,2
DA:201,1
DA:202,1
DA:203,1
DA:204,1
DA:209,1
DA:211,1
DA:212,1
DA:213,1
DA:219,1
DA:221,1
DA:222,1
DA:240,1
DA:241,4
DA:246,1
DA:247,1
DA:248,1
DA:249,4
DA:251,1
DA:257,5
DA:261,1
DA:263,1
DA:265,1
DA:266,3
DA:269,1
DA:271,1
DA:286,1
DA:287,1
DA:288,1
DA:290,1
DA:291,0
DA:292,1
DA:293,1
DA:295,1
DA:297,1
DA:298,2
DA:299,1
DA:301,1
DA:302,0
DA:303,0
DA:306,0
DA:309,1
DA:313,1
DA:322,2
DA:323,1
DA:326,0
DA:333,2
DA:337,0
DA:345,1
DA:347,1
DA:362,1
DA:364,1
DA:367,1
DA:369,0
DA:370,0
DA:378,1
DA:380,2
DA:381,3
DA:384,1
DA:387,3
DA:390,0
DA:391,0
DA:392,0
DA:394,0
DA:399,0
DA:400,0
DA:401,0
DA:403,0
DA:404,0
DA:406,0
LF:132
LH:107
end_of_record
SF:lib\presentation\provider\tv\tv_show_detail_notifier.dart
DA:23,1
DA:32,2
DA:35,2
DA:38,2
DA:41,2
DA:44,2
DA:47,2
DA:49,1
DA:50,1
DA:51,1
DA:52,2
DA:53,2
DA:54,1
DA:55,1
DA:56,1
DA:58,1
DA:59,1
DA:60,1
DA:61,1
DA:62,1
DA:64,1
DA:65,1
DA:68,1
DA:69,1
DA:75,2
DA:77,1
DA:78,2
DA:80,1
DA:81,1
DA:82,2
DA:84,1
DA:85,1
DA:89,2
DA:92,1
DA:93,2
DA:95,1
DA:96,0
DA:97,0
DA:99,1
DA:100,1
DA:104,2
DA:107,1
DA:108,2
DA:109,1
DA:110,1
DA:113,0
DA:114,0
DA:115,0
DA:117,0
DA:118,0
DA:120,0
DA:121,0
DA:122,0
DA:123,0
DA:124,0
DA:125,0
DA:126,0
DA:127,0
DA:129,0
DA:130,0
DA:131,0
DA:135,0
DA:139,1
DA:140,1
DA:141,2
DA:142,1
DA:144,1
DA:145,1
DA:146,1
DA:147,1
DA:149,1
DA:150,1
DA:151,2
DA:153,1
DA:154,1
DA:155,1
LF:76
LH:57
end_of_record
SF:lib\presentation\provider\all_movie_list_notifier.dart
DA:10,2
DA:13,2
DA:16,2
DA:19,2
DA:22,2
DA:25,2
DA:28,2
DA:30,1
DA:40,1
DA:41,1
DA:42,1
DA:44,2
DA:45,1
DA:46,1
DA:47,1
DA:49,1
DA:50,1
DA:55,1
DA:56,1
DA:57,1
DA:59,2
DA:60,1
DA:61,1
DA:62,1
DA:64,1
DA:65,1
DA:70,1
DA:71,1
DA:72,1
DA:74,2
DA:75,1
DA:76,1
DA:77,1
DA:79,1
DA:80,1
DA:85,1
DA:86,1
DA:87,2
DA:88,1
DA:91,1
DA:92,1
DA:93,1
DA:94,1
DA:97,1
DA:98,1
DA:99,2
DA:100,1
DA:103,1
DA:104,1
DA:105,1
DA:106,1
DA:109,1
DA:110,1
DA:111,2
DA:112,1
DA:115,1
DA:116,1
DA:117,1
DA:118,1
LF:59
LH:59
end_of_record
SF:lib\presentation\pages\tv_show_page_popular.dart
DA:13,1
DA:14,1
DA:18,1
DA:20,1
DA:24,1
DA:25,4
DA:29,1
DA:31,1
DA:32,1
DA:33,1
DA:35,1
DA:44,1
DA:45,1
DA:46,1
DA:48,1
DA:49,1
DA:50,0
DA:51,0
DA:52,0
DA:54,2
DA:56,1
DA:57,1
DA:59,2
DA:62,0
LF:24
LH:20
end_of_record
SF:lib\presentation\provider\tv\tv_show_popular_notifier.dart
DA:8,1
DA:11,2
DA:14,2
DA:17,2
DA:19,1
DA:20,1
DA:21,1
DA:23,2
DA:25,1
DA:26,1
DA:27,1
DA:29,1
DA:30,1
DA:35,1
DA:36,2
DA:37,1
DA:38,1
DA:41,1
DA:42,1
DA:43,1
DA:44,1
LF:21
LH:21
end_of_record
SF:lib\presentation\provider\all_movie_search_notifier.dart
DA:8,1
DA:11,2
DA:14,2
DA:17,2
DA:19,1
DA:20,1
DA:21,1
DA:23,2
DA:24,1
DA:25,1
DA:26,1
DA:28,1
DA:29,1
DA:34,1
DA:35,2
DA:36,1
DA:37,1
DA:40,1
DA:41,1
DA:42,1
DA:43,1
LF:21
LH:21
end_of_record
SF:lib\presentation\pages\tv_show_page_top_rated.dart
DA:13,1
DA:14,1
DA:18,1
DA:20,1
DA:24,1
DA:25,4
DA:29,1
DA:31,1
DA:32,1
DA:33,1
DA:35,1
DA:44,1
DA:45,1
DA:46,1
DA:48,1
DA:49,1
DA:50,0
DA:51,0
DA:52,0
DA:54,2
DA:56,1
DA:57,1
DA:59,2
DA:62,0
LF:24
LH:20
end_of_record
SF:lib\presentation\provider\tv\tv_show_top_rated_notifier.dart
DA:9,1
DA:12,2
DA:15,2
DA:18,2
DA:20,1
DA:21,1
DA:22,1
DA:24,2
DA:26,1
DA:27,1
DA:28,1
DA:30,1
DA:31,1
DA:36,1
DA:37,2
DA:38,1
DA:39,1
DA:42,1
DA:43,1
DA:44,1
DA:45,1
LF:21
LH:21
end_of_record
SF:lib\presentation\provider\tv\tv_show_list_notifier.dart
DA:10,2
DA:13,2
DA:16,2
DA:19,2
DA:22,2
DA:25,2
DA:28,2
DA:30,1
DA:40,1
DA:41,1
DA:42,1
DA:44,2
DA:45,1
DA:46,1
DA:47,1
DA:49,1
DA:50,1
DA:55,1
DA:56,1
DA:57,1
DA:59,2
DA:60,1
DA:61,1
DA:62,1
DA:64,1
DA:65,1
DA:70,1
DA:71,1
DA:72,1
DA:74,2
DA:75,1
DA:76,1
DA:77,1
DA:79,1
DA:80,1
DA:85,1
DA:86,1
DA:87,2
DA:88,1
DA:91,1
DA:92,1
DA:93,1
DA:94,1
DA:97,1
DA:98,1
DA:99,2
DA:100,1
DA:102,1
DA:103,1
DA:104,1
DA:105,1
DA:107,1
DA:108,1
DA:109,2
DA:110,1
DA:112,1
DA:113,1
DA:114,1
DA:115,1
LF:59
LH:59
end_of_record
SF:lib\presentation\provider\tv\tv_show_search_notifier.dart
DA:8,1
DA:11,2
DA:14,2
DA:17,2
DA:19,1
DA:20,1
DA:21,1
DA:23,2
DA:24,1
DA:25,1
DA:26,1
DA:28,1
DA:29,1
DA:34,1
DA:35,2
DA:36,1
DA:37,1
DA:40,1
DA:41,1
DA:42,1
DA:43,1
LF:21
LH:21
end_of_record
SF:lib\presentation\provider\tv\tv_show_watchlist_notifier.dart
DA:8,2
DA:11,2
DA:14,2
DA:16,1
DA:20,1
DA:21,1
DA:22,1
DA:24,2
DA:25,1
DA:26,1
DA:27,1
DA:29,1
DA:30,1
DA:35,1
DA:36,1
DA:37,2
DA:38,1
DA:41,1
DA:42,1
DA:43,1
DA:44,1
LF:21
LH:21
end_of_record
SF:lib\presentation\provider\watchlist_movie_notifier.dart
DA:8,2
DA:11,2
DA:14,2
DA:16,1
DA:20,1
DA:21,1
DA:22,1
DA:24,2
DA:25,1
DA:26,1
DA:27,1
DA:29,1
DA:30,1
DA:35,1
DA:36,1
DA:37,2
DA:38,1
DA:41,1
DA:42,1
DA:43,1
DA:44,1
LF:21
LH:21
end_of_record
